<?xml version="1.0" encoding="UTF-8"?>
<testng-results skipped="0" failed="0" ignored="0" total="3" passed="3">
  <reporter-output>
  </reporter-output>
  <suite name="Suite" duration-ms="148" started-at="2020-07-05T20:07:52 IST" finished-at="2020-07-05T20:07:52 IST">
    <groups>
    </groups>
    <test name="Test" duration-ms="148" started-at="2020-07-05T20:07:52 IST" finished-at="2020-07-05T20:07:52 IST">
      <class name="test.test1">
        <test-method status="PASS" signature="Prequest()[pri:0, instance:test.test1@eec5a4a]" name="Prequest" is-config="true" duration-ms="19" started-at="2020-07-05T20:07:52 IST" finished-at="2020-07-05T20:07:52 IST">
          <reporter-output>
          </reporter-output>
        </test-method> <!-- Prequest -->
        <test-method status="PASS" signature="Demo()[pri:0, instance:test.test1@eec5a4a]" name="Demo" duration-ms="14" started-at="2020-07-05T20:07:52 IST" finished-at="2020-07-05T20:07:52 IST">
          <reporter-output>
          </reporter-output>
        </test-method> <!-- Demo -->
        <test-method status="PASS" signature="SecondTest()[pri:0, instance:test.test1@eec5a4a]" name="SecondTest" duration-ms="6" started-at="2020-07-05T20:07:52 IST" finished-at="2020-07-05T20:07:52 IST">
          <reporter-output>
          </reporter-output>
        </test-method> <!-- SecondTest -->
        <test-method status="PASS" signature="LastExecution()[pri:0, instance:test.test1@eec5a4a]" name="LastExecution" is-config="true" duration-ms="3" started-at="2020-07-05T20:07:52 IST" finished-at="2020-07-05T20:07:52 IST">
          <reporter-output>
          </reporter-output>
        </test-method> <!-- LastExecution -->
      </class> <!-- test.test1 -->
      <class name="test.test2">
        <test-method status="PASS" signature="ThridTest()[pri:0, instance:test.test2@2b2948e2]" name="ThridTest" duration-ms="6" started-at="2020-07-05T20:07:52 IST" finished-at="2020-07-05T20:07:52 IST">
          <reporter-output>
          </reporter-output>
        </test-method> <!-- ThridTest -->
      </class> <!-- test.test2 -->
    </test> <!-- Test -->
  </suite> <!-- Suite -->
</testng-results>
